<?xml version="1.0" encoding="UTF-8"?>
<!-- Generated by org.testng.reporters.JUnitXMLReporter -->
<testsuite ignored="0" hostname="DESKTOP-16JHH16" failures="1" tests="8" name="PetTest" time="21.848" errors="0" timestamp="2022-09-07T13:08:41 IST">
  <testcase classname="api.test.UserTests2" name="testPostUser" time="5.385"/>
  <testcase classname="api.test.UserTests2" name="testGetUserByName" time="2.115"/>
  <testcase classname="api.test.UserTests2" name="testUpdateUserByName" time="3.468"/>
  <testcase classname="api.test.UserTests2" name="testDeleteUserByName" time="1.78"/>
  <testcase classname="api.test.DDTests" name="testPostUser" time="1.829"/>
  <testcase classname="api.test.DDTests" name="testPostUser" time="1.663"/>
  <testcase classname="api.test.DDTests" name="testPostUser" time="1.77"/>
  <testcase classname="api.test.DDTests" name="testDeleteUserByName" time="0.0">
    <failure type="org.testng.TestNGException" message="
Method public void api.test.DDTests.testDeleteUserByName(java.lang.String) requires a @DataProvider named : UserNames in class org.testng.annotations.DataProvider">
      <![CDATA[org.testng.TestNGException: 
at java.base/java.util.ArrayList.forEach(ArrayList.java:1540)
... Removed 29 stack frames]]>
    </failure>
  </testcase> <!-- testDeleteUserByName -->
</testsuite> <!-- PetTest -->
